<?xml version="1.0" encoding="UTF-8"?>
<testsuite xmlns:xsi="http://www.w3.org/2001/XMLSchema-instance" xsi:noNamespaceSchemaLocation="https://maven.apache.org/surefire/maven-surefire-plugin/xsd/surefire-test-report.xsd" version="3.0.2" name="com.vsapp.vschat.VschatApplicationTests" time="4.182" tests="1" errors="0" skipped="0" failures="0">
  <properties>
[...]
</properties>
  <testcase name="contextLoads" classname="com.vsapp.vschat.VschatApplicationTests" time="0.496">
    <system-out><![CDATA[03:11:57.809 [main] INFO org.springframework.test.context.support.AnnotationConfigContextLoaderUtils -- Could not detect default configuration classes for test class [com.vsapp.vschat.VschatApplicationTests]: VschatApplicationTests does not declare any static, non-private, non-final, nested classes annotated with @Configuration.
03:11:57.907 [main] INFO org.springframework.boot.test.context.SpringBootTestContextBootstrapper -- Found @SpringBootConfiguration com.vsapp.vschat.VschatApplication for test class com.vsapp.vschat.VschatApplicationTests

  .   ____          _            __ _ _
 /\\ / ___'_ __ _ _(_)_ __  __ _ \ \ \ \
( ( )\___ | '_ | '_| | '_ \/ _` | \ \ \ \
 \\/  ___)| |_)| | | | | || (_| |  ) ) ) )
  '  |____| .__|_| |_|_| |_\__, | / / / /
 =========|_|==============|___/=/_/_/_/

 :: Spring Boot ::       (v3.5.4-SNAPSHOT)

2025-07-21T03:11:58.351+05:30  INFO 25556 --- [vschat] [           main] c.vsapp.vschat.VschatApplicationTests    : Starting VschatApplicationTests using Java 17.0.15 with PID 25556 (started by shahv in E:\2025\2025-July\Project-Springboot\vschat)
2025-07-21T03:11:58.353+05:30  INFO 25556 --- [vschat] [           main] c.vsapp.vschat.VschatApplicationTests    : No active profile set, falling back to 1 default profile: "default"
2025-07-21T03:11:59.030+05:30  INFO 25556 --- [vschat] [           main] .s.d.r.c.RepositoryConfigurationDelegate : Bootstrapping Spring Data JPA repositories in DEFAULT mode.
2025-07-21T03:11:59.053+05:30  INFO 25556 --- [vschat] [           main] .s.d.r.c.RepositoryConfigurationDelegate : Finished Spring Data repository scanning in 12 ms. Found 0 JPA repository interfaces.
2025-07-21T03:11:59.602+05:30  INFO 25556 --- [vschat] [           main] com.zaxxer.hikari.HikariDataSource       : HikariPool-1 - Starting...
2025-07-21T03:11:59.793+05:30  INFO 25556 --- [vschat] [           main] com.zaxxer.hikari.pool.HikariPool        : HikariPool-1 - Added connection conn0: url=jdbc:h2:mem:cda08f6c-e923-4f72-a437-909827321bfd user=SA
2025-07-21T03:11:59.797+05:30  INFO 25556 --- [vschat] [           main] com.zaxxer.hikari.HikariDataSource       : HikariPool-1 - Start completed.
2025-07-21T03:11:59.850+05:30  INFO 25556 --- [vschat] [           main] o.hibernate.jpa.internal.util.LogHelper  : HHH000204: Processing PersistenceUnitInfo [name: default]
2025-07-21T03:11:59.894+05:30  INFO 25556 --- [vschat] [           main] org.hibernate.Version                    : HHH000412: Hibernate ORM core version 6.6.21.Final
2025-07-21T03:11:59.931+05:30  INFO 25556 --- [vschat] [           main] o.h.c.internal.RegionFactoryInitiator    : HHH000026: Second-level cache disabled
2025-07-21T03:12:00.245+05:30  INFO 25556 --- [vschat] [           main] o.s.o.j.p.SpringPersistenceUnitInfo      : No LoadTimeWeaver setup: ignoring JPA class transformer
2025-07-21T03:12:00.351+05:30  INFO 25556 --- [vschat] [           main] org.hibernate.orm.connections.pooling    : HHH10001005: Database info:
	Database JDBC URL [Connecting through datasource 'HikariDataSource (HikariPool-1)']
	Database driver: undefined/unknown
	Database version: 2.3.232
	Autocommit mode: undefined/unknown
	Isolation level: undefined/unknown
	Minimum pool size: undefined/unknown
	Maximum pool size: undefined/unknown
2025-07-21T03:12:00.677+05:30  INFO 25556 --- [vschat] [           main] o.h.e.t.j.p.i.JtaPlatformInitiator       : HHH000489: No JTA platform available (set 'hibernate.transaction.jta.platform' to enable JTA platform integration)
2025-07-21T03:12:00.681+05:30  INFO 25556 --- [vschat] [           main] j.LocalContainerEntityManagerFactoryBean : Initialized JPA EntityManagerFactory for persistence unit 'default'
2025-07-21T03:12:00.849+05:30  WARN 25556 --- [vschat] [           main] JpaBaseConfiguration$JpaWebConfiguration : spring.jpa.open-in-view is enabled by default. Therefore, database queries may be performed during view rendering. Explicitly configure spring.jpa.open-in-view to disable this warning
2025-07-21T03:12:01.347+05:30  INFO 25556 --- [vschat] [           main] c.vsapp.vschat.VschatApplicationTests    : Started VschatApplicationTests in 3.29 seconds (process running for 4.35)
]]></system-out>
  </testcase>
</testsuite>